-------------------------------------------------------------------------------
>Log Session: Wednesday, March 21, 2018 5:20:34 PM CET
>System Info: 
  Product Version         = AsteroidsNetBeans 201609300101
  Operating System        = Mac OS X version 10.13.4 running on x86_64
  Java; VM; Vendor        = 1.8.0_152; Java HotSpot(TM) 64-Bit Server VM 25.152-b16; Oracle Corporation
  Runtime                 = Java(TM) SE Runtime Environment 1.8.0_152-b16
  Java Home               = /Library/Java/JavaVirtualMachines/jdk1.8.0_152.jdk/Contents/Home/jre
  System Locale; Encoding = en_GB (asteroidsnetbeans); UTF-8
  Home Directory          = /Users/Glenn
  Current Directory       = /Users/Glenn/odrive/GD@me/Work/SDU/4Semester/ProjectFiles/Ziablo/Ziablo/application
  User Directory          = /Users/Glenn/odrive/GD@me/Work/SDU/4Semester/ProjectFiles/Ziablo/Ziablo/application/target/userdir
  Cache Directory         = /Users/Glenn/odrive/GD@me/Work/SDU/4Semester/ProjectFiles/Ziablo/Ziablo/application/target/userdir/var/cache
  Installation            = /Users/Glenn/odrive/GD@me/Work/SDU/4Semester/ProjectFiles/Ziablo/Ziablo/application/target/asteroidsnetbeans/bin
                            /Users/Glenn/odrive/GD@me/Work/SDU/4Semester/ProjectFiles/Ziablo/Ziablo/application/target/asteroidsnetbeans/platform
                            /Users/Glenn/odrive/GD@me/Work/SDU/4Semester/ProjectFiles/Ziablo/Ziablo/application/target/asteroidsnetbeans/etc
                            /Users/Glenn/odrive/GD@me/Work/SDU/4Semester/ProjectFiles/Ziablo/Ziablo/application/target/asteroidsnetbeans/asteroidsnetbeans
                            /Users/Glenn/odrive/GD@me/Work/SDU/4Semester/ProjectFiles/Ziablo/Ziablo/application/target/asteroidsnetbeans/platform
  Boot & Ext. Classpath   = /Library/Java/JavaVirtualMachines/jdk1.8.0_152.jdk/Contents/Home/jre/lib/resources.jar:/Library/Java/JavaVirtualMachines/jdk1.8.0_152.jdk/Contents/Home/jre/lib/rt.jar:/Library/Java/JavaVirtualMachines/jdk1.8.0_152.jdk/Contents/Home/jre/lib/sunrsasign.jar:/Library/Java/JavaVirtualMachines/jdk1.8.0_152.jdk/Contents/Home/jre/lib/jsse.jar:/Library/Java/JavaVirtualMachines/jdk1.8.0_152.jdk/Contents/Home/jre/lib/jce.jar:/Library/Java/JavaVirtualMachines/jdk1.8.0_152.jdk/Contents/Home/jre/lib/charsets.jar:/Library/Java/JavaVirtualMachines/jdk1.8.0_152.jdk/Contents/Home/jre/lib/jfr.jar:/Library/Java/JavaVirtualMachines/jdk1.8.0_152.jdk/Contents/Home/jre/classes:/Library/Java/JavaVirtualMachines/jdk1.8.0_152.jdk/Contents/Home/jre/lib/ext/sunec.jar:/Library/Java/JavaVirtualMachines/jdk1.8.0_152.jdk/Contents/Home/jre/lib/ext/nashorn.jar:/Library/Java/JavaVirtualMachines/jdk1.8.0_152.jdk/Contents/Home/jre/lib/ext/cldrdata.jar:/Library/Java/JavaVirtualMachines/jdk1.8.0_152.jdk/Contents/Home/jre/lib/ext/jfxrt.jar:/Library/Java/JavaVirtualMachines/jdk1.8.0_152.jdk/Contents/Home/jre/lib/ext/dnsns.jar:/Library/Java/JavaVirtualMachines/jdk1.8.0_152.jdk/Contents/Home/jre/lib/ext/localedata.jar:/Library/Java/JavaVirtualMachines/jdk1.8.0_152.jdk/Contents/Home/jre/lib/ext/sunjce_provider.jar:/Library/Java/JavaVirtualMachines/jdk1.8.0_152.jdk/Contents/Home/jre/lib/ext/sunpkcs11.jar:/Library/Java/JavaVirtualMachines/jdk1.8.0_152.jdk/Contents/Home/jre/lib/ext/jaccess.jar:/Library/Java/JavaVirtualMachines/jdk1.8.0_152.jdk/Contents/Home/jre/lib/ext/zipfs.jar:/System/Library/Java/Extensions/MRJToolkit.jar
  Application Classpath   = /Users/Glenn/odrive/GD@me/Work/SDU/4Semester/ProjectFiles/Ziablo/Ziablo/application/target/asteroidsnetbeans/platform/lib/boot.jar:/Users/Glenn/odrive/GD@me/Work/SDU/4Semester/ProjectFiles/Ziablo/Ziablo/application/target/asteroidsnetbeans/platform/lib/org-openide-modules.jar:/Users/Glenn/odrive/GD@me/Work/SDU/4Semester/ProjectFiles/Ziablo/Ziablo/application/target/asteroidsnetbeans/platform/lib/org-openide-util-lookup.jar:/Users/Glenn/odrive/GD@me/Work/SDU/4Semester/ProjectFiles/Ziablo/Ziablo/application/target/asteroidsnetbeans/platform/lib/org-openide-util-ui.jar:/Users/Glenn/odrive/GD@me/Work/SDU/4Semester/ProjectFiles/Ziablo/Ziablo/application/target/asteroidsnetbeans/platform/lib/org-openide-util.jar:/Users/Glenn/odrive/GD@me/Work/SDU/4Semester/ProjectFiles/Ziablo/Ziablo/application/target/asteroidsnetbeans/platform/lib/locale/boot_ja.jar:/Users/Glenn/odrive/GD@me/Work/SDU/4Semester/ProjectFiles/Ziablo/Ziablo/application/target/asteroidsnetbeans/platform/lib/locale/boot_pt_BR.jar:/Users/Glenn/odrive/GD@me/Work/SDU/4Semester/ProjectFiles/Ziablo/Ziablo/application/target/asteroidsnetbeans/platform/lib/locale/boot_ru.jar:/Users/Glenn/odrive/GD@me/Work/SDU/4Semester/ProjectFiles/Ziablo/Ziablo/application/target/asteroidsnetbeans/platform/lib/locale/boot_zh_CN.jar:/Users/Glenn/odrive/GD@me/Work/SDU/4Semester/ProjectFiles/Ziablo/Ziablo/application/target/asteroidsnetbeans/platform/lib/locale/org-openide-modules_ja.jar:/Users/Glenn/odrive/GD@me/Work/SDU/4Semester/ProjectFiles/Ziablo/Ziablo/application/target/asteroidsnetbeans/platform/lib/locale/org-openide-modules_pt_BR.jar:/Users/Glenn/odrive/GD@me/Work/SDU/4Semester/ProjectFiles/Ziablo/Ziablo/application/target/asteroidsnetbeans/platform/lib/locale/org-openide-modules_ru.jar:/Users/Glenn/odrive/GD@me/Work/SDU/4Semester/ProjectFiles/Ziablo/Ziablo/application/target/asteroidsnetbeans/platform/lib/locale/org-openide-modules_zh_CN.jar:/Users/Glenn/odrive/GD@me/Work/SDU/4Semester/ProjectFiles/Ziablo/Ziablo/application/target/asteroidsnetbeans/platform/lib/locale/org-openide-util-lookup_ja.jar:/Users/Glenn/odrive/GD@me/Work/SDU/4Semester/ProjectFiles/Ziablo/Ziablo/application/target/asteroidsnetbeans/platform/lib/locale/org-openide-util-lookup_pt_BR.jar:/Users/Glenn/odrive/GD@me/Work/SDU/4Semester/ProjectFiles/Ziablo/Ziablo/application/target/asteroidsnetbeans/platform/lib/locale/org-openide-util-lookup_ru.jar:/Users/Glenn/odrive/GD@me/Work/SDU/4Semester/ProjectFiles/Ziablo/Ziablo/application/target/asteroidsnetbeans/platform/lib/locale/org-openide-util-lookup_zh_CN.jar:/Users/Glenn/odrive/GD@me/Work/SDU/4Semester/ProjectFiles/Ziablo/Ziablo/application/target/asteroidsnetbeans/platform/lib/locale/org-openide-util-ui_ja.jar:/Users/Glenn/odrive/GD@me/Work/SDU/4Semester/ProjectFiles/Ziablo/Ziablo/application/target/asteroidsnetbeans/platform/lib/locale/org-openide-util-ui_pt_BR.jar:/Users/Glenn/odrive/GD@me/Work/SDU/4Semester/ProjectFiles/Ziablo/Ziablo/application/target/asteroidsnetbeans/platform/lib/locale/org-openide-util-ui_ru.jar:/Users/Glenn/odrive/GD@me/Work/SDU/4Semester/ProjectFiles/Ziablo/Ziablo/application/target/asteroidsnetbeans/platform/lib/locale/org-openide-util-ui_zh_CN.jar:/Users/Glenn/odrive/GD@me/Work/SDU/4Semester/ProjectFiles/Ziablo/Ziablo/application/target/asteroidsnetbeans/platform/lib/locale/org-openide-util_ja.jar:/Users/Glenn/odrive/GD@me/Work/SDU/4Semester/ProjectFiles/Ziablo/Ziablo/application/target/asteroidsnetbeans/platform/lib/locale/org-openide-util_pt_BR.jar:/Users/Glenn/odrive/GD@me/Work/SDU/4Semester/ProjectFiles/Ziablo/Ziablo/application/target/asteroidsnetbeans/platform/lib/locale/org-openide-util_ru.jar:/Users/Glenn/odrive/GD@me/Work/SDU/4Semester/ProjectFiles/Ziablo/Ziablo/application/target/asteroidsnetbeans/platform/lib/locale/org-openide-util_zh_CN.jar:/Library/Java/JavaVirtualMachines/jdk1.8.0_152.jdk/Contents/Home/lib/dt.jar:/Library/Java/JavaVirtualMachines/jdk1.8.0_152.jdk/Contents/Home/lib/tools.jar
  Startup Classpath       = /Users/Glenn/odrive/GD@me/Work/SDU/4Semester/ProjectFiles/Ziablo/Ziablo/application/target/asteroidsnetbeans/platform/core/org-netbeans-libs-asm.jar:/Users/Glenn/odrive/GD@me/Work/SDU/4Semester/ProjectFiles/Ziablo/Ziablo/application/target/asteroidsnetbeans/platform/core/asm-all-5.0.1.jar:/Users/Glenn/odrive/GD@me/Work/SDU/4Semester/ProjectFiles/Ziablo/Ziablo/application/target/asteroidsnetbeans/platform/core/org-openide-filesystems.jar:/Users/Glenn/odrive/GD@me/Work/SDU/4Semester/ProjectFiles/Ziablo/Ziablo/application/target/asteroidsnetbeans/platform/core/core.jar:/Users/Glenn/odrive/GD@me/Work/SDU/4Semester/ProjectFiles/Ziablo/Ziablo/application/target/asteroidsnetbeans/platform/core/core-base.jar:/Users/Glenn/odrive/GD@me/Work/SDU/4Semester/ProjectFiles/Ziablo/Ziablo/application/target/asteroidsnetbeans/platform/core/locale/core_pt_BR.jar:/Users/Glenn/odrive/GD@me/Work/SDU/4Semester/ProjectFiles/Ziablo/Ziablo/application/target/asteroidsnetbeans/platform/core/locale/org-netbeans-libs-asm_pt_BR.jar:/Users/Glenn/odrive/GD@me/Work/SDU/4Semester/ProjectFiles/Ziablo/Ziablo/application/target/asteroidsnetbeans/platform/core/locale/core-base_zh_CN.jar:/Users/Glenn/odrive/GD@me/Work/SDU/4Semester/ProjectFiles/Ziablo/Ziablo/application/target/asteroidsnetbeans/platform/core/locale/core-base_ru.jar:/Users/Glenn/odrive/GD@me/Work/SDU/4Semester/ProjectFiles/Ziablo/Ziablo/application/target/asteroidsnetbeans/platform/core/locale/core_ru.jar:/Users/Glenn/odrive/GD@me/Work/SDU/4Semester/ProjectFiles/Ziablo/Ziablo/application/target/asteroidsnetbeans/platform/core/locale/core_ja.jar:/Users/Glenn/odrive/GD@me/Work/SDU/4Semester/ProjectFiles/Ziablo/Ziablo/application/target/asteroidsnetbeans/platform/core/locale/org-openide-filesystems_pt_BR.jar:/Users/Glenn/odrive/GD@me/Work/SDU/4Semester/ProjectFiles/Ziablo/Ziablo/application/target/asteroidsnetbeans/platform/core/locale/core-base_ja.jar:/Users/Glenn/odrive/GD@me/Work/SDU/4Semester/ProjectFiles/Ziablo/Ziablo/application/target/asteroidsnetbeans/platform/core/locale/org-openide-filesystems_ja.jar:/Users/Glenn/odrive/GD@me/Work/SDU/4Semester/ProjectFiles/Ziablo/Ziablo/application/target/asteroidsnetbeans/platform/core/locale/org-openide-filesystems_ru.jar:/Users/Glenn/odrive/GD@me/Work/SDU/4Semester/ProjectFiles/Ziablo/Ziablo/application/target/asteroidsnetbeans/platform/core/locale/org-openide-filesystems_zh_CN.jar:/Users/Glenn/odrive/GD@me/Work/SDU/4Semester/ProjectFiles/Ziablo/Ziablo/application/target/asteroidsnetbeans/platform/core/locale/core_zh_CN.jar:/Users/Glenn/odrive/GD@me/Work/SDU/4Semester/ProjectFiles/Ziablo/Ziablo/application/target/asteroidsnetbeans/platform/core/locale/org-netbeans-libs-asm_ru.jar:/Users/Glenn/odrive/GD@me/Work/SDU/4Semester/ProjectFiles/Ziablo/Ziablo/application/target/asteroidsnetbeans/platform/core/locale/org-netbeans-libs-asm_ja.jar:/Users/Glenn/odrive/GD@me/Work/SDU/4Semester/ProjectFiles/Ziablo/Ziablo/application/target/asteroidsnetbeans/platform/core/locale/core-base_pt_BR.jar:/Users/Glenn/odrive/GD@me/Work/SDU/4Semester/ProjectFiles/Ziablo/Ziablo/application/target/asteroidsnetbeans/platform/core/locale/org-netbeans-libs-asm_zh_CN.jar:/Users/Glenn/odrive/GD@me/Work/SDU/4Semester/ProjectFiles/Ziablo/Ziablo/application/target/asteroidsnetbeans/asteroidsnetbeans/core/locale/core_asteroidsnetbeans.jar
-------------------------------------------------------------------------------
INFO [org.netbeans.core.startup.NbEvents]: Module patch or custom extension: /Users/Glenn/odrive/GD@me/Work/SDU/4Semester/ProjectFiles/Ziablo/Ziablo/Core/target/classes
INFO [org.netbeans.core.startup.NbEvents]: Module patch or custom extension: /Users/Glenn/odrive/GD@me/Work/SDU/4Semester/ProjectFiles/Ziablo/Ziablo/Bullet/target/classes
INFO [org.netbeans.core.startup.NbEvents]: Turning on modules:
	org.openide.util.lookup [8.33.1 201609300101]
	org.openide.util [9.7.1 201609300101]
	org.openide.util.ui [9.6.1 201609300101]
	org.openide.modules [7.48.1 201609300101]
	org.openide.filesystems [9.10.1 201609300101]
	org.netbeans.libs.asm [5.3.1 201609300101]
	org.netbeans.core.startup.base [1.62.1.1 1 201609300101]
	org.netbeans.bootstrap/1 [2.76.1 201609300101]
	org.netbeans.core.startup/1 [1.62.1.1 201609300101]
	org.netbeans.api.annotations.common/1 [1.27.1 201609300101]
	dk.sdu.mmmi.cbse.Ziablo.branding [1.0.1 1.0.1-20180321 201803211611]
	dk.sdu.mmmi.cbse.Common [1.0.1 1.0.1-20180321 201803211611]
	dk.sdu.mmmi.cbse.Player [1.0.1 1.0.1-20180321 201803211612]
	dk.sdu.mmmi.cbse.Enemy [1.0.1 1.0.1-20180321 201803211612]
	dk.sdu.mmmi.cbse.Core [1.0.1 1.0.1-20180321 201803211612]
	dk.sdu.mmmi.cbse.Collision [1.0.1 1.0.1-20180321 201803211612]
	dk.sdu.mmmi.cbse.Bullet [1.0.1 1.0.1-20180321 201803211612]
	dk.sdu.mmmi.cbse.Asteroid [1.0.1 1.0.1-20180321 201803211612]
SEVERE [global]
java.lang.NullPointerException
	at dk.sdu.mmmi.cbse.common.data.GameData.getMousePositionY(GameData.java:32)
	at dk.sdu.mmmi.cbse.playersystem.PlayerControlSystem.setPlayerRotation(PlayerControlSystem.java:105)
	at dk.sdu.mmmi.cbse.playersystem.PlayerControlSystem.process(PlayerControlSystem.java:58)
	at dk.sdu.mmmi.cbse.main.Game.update(Game.java:81)
	at dk.sdu.mmmi.cbse.main.Game.render(Game.java:71)
	at com.badlogic.gdx.backends.lwjgl.LwjglApplication.mainLoop(LwjglApplication.java:207)
[catch] at com.badlogic.gdx.backends.lwjgl.LwjglApplication$1.run(LwjglApplication.java:114)
